[debug] > Exec(early(addDefaultCommands), None, None)
[debug] > Exec(addDefaultCommands, None, None)
[debug] > Exec(early(initialize), None, None)
[debug] > Exec(initialize, None, None)
[debug] > Exec(early(addPluginSbtFile="""C:\Users\mks\AppData\Local\Temp\idea.sbt"""), None, None)
[debug] > Exec(addPluginSbtFile="""C:\Users\mks\AppData\Local\Temp\idea.sbt""", None, None)
[debug] > Exec(boot, None, None)
[debug] > Exec(writeSbtVersion, None, None)
[debug] > Exec(reload, None, None)
[debug] > Exec(sbtStashOnFailure, None, None)
[debug] > Exec(onFailure loadFailed, None, None)
[debug] > Exec(loadp, None, None)
[info] welcome to sbt 1.4.3 (AdoptOpenJDK Java 1.8.0_265)
[debug]       Load.loadUnit: plugins took 343.9482ms
[debug]       Load.loadUnit: defsScala took 0.7346ms
[debug] [Loading] Scanning directory C:\Users\mks\.sbt\1.0\plugins
[debug] [Loading] Found non-root projects 
[debug] [Loading] Done in C:\Users\mks\.sbt\1.0\plugins, returning: ()
[debug] deducing auto plugins based on known facts Set(Atom(sbt.plugins.CorePlugin)) and clauses Clauses(List(Clause(Atom(sbt.plugins.JvmPlugin),Set(Atom(sbt.plugins.IvyPlugin))), Clause(Atom(sbt.ScriptedPlugin),Set(Atom(sbt.plugins.JvmPlugin))), Clause(Atom(sbt.plugins.SbtPlugin),Set(Atom(sbt.ScriptedPlugin))), Clause(Atom(sbt.plugins.SemanticdbPlugin),Set(Atom(sbt.plugins.JvmPlugin))), Clause(Atom(sbt.plugins.JUnitXmlReportPlugin),Set(Atom(sbt.plugins.JvmPlugin))), Clause(Atom(sbt.plugins.MiniDependencyTreePlugin),Set(Atom(sbt.plugins.JvmPlugin))), Clause(Atom(sbt.plugins.CorePlugin),Set(Atom(sbt.plugins.IvyPlugin))), Clause(Atom(sbt.plugins.IvyPlugin),Set(Atom(sbt.plugins.JvmPlugin))), Clause(Atom(sbt.plugins.JvmPlugin),Set(Atom(sbt.plugins.SemanticdbPlugin))), Clause(Atom(sbt.plugins.JvmPlugin),Set(Atom(sbt.plugins.JUnitXmlReportPlugin))), Clause(Atom(sbt.plugins.CorePlugin),Set(Atom(sbt.plugins.Giter8TemplatePlugin))), Clause(Atom(sbt.plugins.JvmPlugin),Set(Atom(sbt.plugins.MiniDependencyTreePlugin)))))
[debug]   :: deduced result: Matched(sbt.plugins.CorePlugin,sbt.plugins.Giter8TemplatePlugin,sbt.plugins.IvyPlugin,sbt.plugins.JvmPlugin,sbt.plugins.MiniDependencyTreePlugin,sbt.plugins.JUnitXmlReportPlugin,sbt.plugins.SemanticdbPlugin)
[debug] Plugins.deducer#function took 80.2385 ms
[debug]           Load.resolveProject(global-plugins) took 119.793ms
[debug]         Load.loadTransitive: finalizeProject(Project(id global-plugins, base: C:\Users\mks\.sbt\1.0\plugins, plugins: List(<none>))) took 259.2738ms
[debug] [Loading] Done in C:\Users\mks\.sbt\1.0\plugins, returning: (global-plugins)
[debug]       Load.loadUnit: loadedProjectsRaw took 314.69ms
[debug]       Load.loadUnit: cleanEvalClasses took 0.5087ms
[debug]     Load.loadUnit(file:/C:/Users/mks/.sbt/1.0/plugins/, ...) took 676.74ms
[debug]   Load.apply: load took 1079.2937ms
[debug]   Load.apply: resolveProjects took 12.885ms
[debug]   Load.apply: finalTransforms took 168.4894ms
[debug]   Load.apply: config.delegates took 16.7223ms
[debug]   Load.apply: Def.make(settings)... took 3204.3521ms
[debug]   Load.apply: structureIndex took 359.6471ms
[debug]   Load.apply: mkStreams took 3.0281ms
[info] loading global plugins from C:\Users\mks\.sbt\1.0\plugins
[debug] Running task... Cancel: Signal, check cycles: false, forcegc: true
[debug] Load.defaultLoad until apply took 22169.2291ms
[debug]           Load.loadUnit: plugins took 61.1282ms
[debug]           Load.loadUnit: defsScala took 0.0054ms
[debug] [Loading] Scanning directory C:\Filer\OneDrive - Danmarks Tekniske Universitet\DTU\02132_Computersystemer\Assignments\Assignment2\codeA2\project
[debug]             Load.loadUnit: mkEval took 26.1472ms
[debug] [Loading] Found non-root projects 
[debug] [Loading] Done in C:\Filer\OneDrive - Danmarks Tekniske Universitet\DTU\02132_Computersystemer\Assignments\Assignment2\codeA2\project, returning: ()
[debug] deducing auto plugins based on known facts Set(Atom(sbt.plugins.CorePlugin)) and clauses Clauses(List(Clause(Atom(sbt.plugins.JvmPlugin),Set(Atom(sbt.plugins.IvyPlugin))), Clause(Atom(sbt.ScriptedPlugin),Set(Atom(sbt.plugins.JvmPlugin))), Clause(Atom(sbt.plugins.SbtPlugin),Set(Atom(sbt.ScriptedPlugin))), Clause(Atom(sbt.plugins.SemanticdbPlugin),Set(Atom(sbt.plugins.JvmPlugin))), Clause(Atom(sbt.plugins.JUnitXmlReportPlugin),Set(Atom(sbt.plugins.JvmPlugin))), Clause(Atom(sbt.plugins.MiniDependencyTreePlugin),Set(Atom(sbt.plugins.JvmPlugin))), Clause(Atom(sbt.plugins.CorePlugin),Set(Atom(sbt.plugins.IvyPlugin))), Clause(Atom(sbt.plugins.IvyPlugin),Set(Atom(sbt.plugins.JvmPlugin))), Clause(Atom(sbt.plugins.JvmPlugin),Set(Atom(sbt.plugins.SemanticdbPlugin))), Clause(Atom(sbt.plugins.JvmPlugin),Set(Atom(sbt.plugins.JUnitXmlReportPlugin))), Clause(Atom(sbt.plugins.CorePlugin),Set(Atom(sbt.plugins.Giter8TemplatePlugin))), Clause(Atom(sbt.plugins.JvmPlugin),Set(Atom(sbt.plugins.MiniDependencyTreePlugin)))))
[debug]   :: deduced result: Matched(sbt.plugins.CorePlugin,sbt.plugins.Giter8TemplatePlugin,sbt.plugins.IvyPlugin,sbt.plugins.JvmPlugin,sbt.plugins.MiniDependencyTreePlugin,sbt.plugins.JUnitXmlReportPlugin,sbt.plugins.SemanticdbPlugin)
[debug] Plugins.deducer#function took 4.5324 ms
[info] loading settings for project codea2-build from idea.sbt ...
[debug]               Load.resolveProject(codea2-build) took 5.7417ms
[debug]             Load.loadTransitive: finalizeProject(Project(id codea2-build, base: C:\Filer\OneDrive - Danmarks Tekniske Universitet\DTU\02132_Computersystemer\Assignments\Assignment2\codeA2\project, plugins: List(<none>))) took 11.0875ms
[debug] [Loading] Done in C:\Filer\OneDrive - Danmarks Tekniske Universitet\DTU\02132_Computersystemer\Assignments\Assignment2\codeA2\project, returning: (codea2-build)
[debug]           Load.loadUnit: loadedProjectsRaw took 5290.8819ms
[debug]           Load.loadUnit: cleanEvalClasses took 10.2219ms
[debug]         Load.loadUnit(file:/C:/Filer/OneDrive%20-%20Danmarks%20Tekniske%20Universitet/DTU/02132_Computersystemer/Assignments/Assignment2/codeA2/project/, ...) took 5365.1226ms
[debug]       Load.apply: load took 5370.0386ms
[debug]       Load.apply: resolveProjects took 0.1717ms
[debug]       Load.apply: finalTransforms took 29.2092ms
[debug]       Load.apply: config.delegates took 0.5592ms
[debug]       Load.apply: Def.make(settings)... took 159.8685ms
[debug]       Load.apply: structureIndex took 56.0351ms
[debug]       Load.apply: mkStreams took 0.0036ms
[info] loading project definition from C:\Filer\OneDrive - Danmarks Tekniske Universitet\DTU\02132_Computersystemer\Assignments\Assignment2\codeA2\project
[debug] Running task... Cancel: Signal, check cycles: false, forcegc: true
[debug]     Load.loadUnit: plugins took 7102.8951ms
[debug]     Load.loadUnit: defsScala took 0.0056ms
[debug] [Loading] Scanning directory C:\Filer\OneDrive - Danmarks Tekniske Universitet\DTU\02132_Computersystemer\Assignments\Assignment2\codeA2
[debug]       Load.loadUnit: mkEval took 0.6605ms
[debug] [Loading] Found non-root projects 
[debug] [Loading] Done in C:\Filer\OneDrive - Danmarks Tekniske Universitet\DTU\02132_Computersystemer\Assignments\Assignment2\codeA2, returning: ()
[debug] deducing auto plugins based on known facts Set(Atom(sbt.plugins.CorePlugin)) and clauses Clauses(List(Clause(Atom(sbt.plugins.JvmPlugin),Set(Atom(sbt.plugins.IvyPlugin))), Clause(Atom(sbt.ScriptedPlugin),Set(Atom(sbt.plugins.JvmPlugin))), Clause(Atom(sbt.plugins.SbtPlugin),Set(Atom(sbt.ScriptedPlugin))), Clause(Atom(sbt.plugins.SemanticdbPlugin),Set(Atom(sbt.plugins.JvmPlugin))), Clause(Atom(sbt.plugins.JUnitXmlReportPlugin),Set(Atom(sbt.plugins.JvmPlugin))), Clause(Atom(sbt.plugins.MiniDependencyTreePlugin),Set(Atom(sbt.plugins.JvmPlugin))), Clause(Atom(org.jetbrains.sbt.StructurePlugin),Set(Atom(sbt.plugins.JvmPlugin))), Clause(Atom(org.jetbrains.sbt.IdeaShellPlugin),Set(Atom(sbt.plugins.JvmPlugin))), Clause(Atom(org.jetbrains.sbt.indices.SbtIntellijIndicesPlugin),Set(Atom(sbt.plugins.JvmPlugin))), Clause(Atom(sbt.plugins.CorePlugin),Set(Atom(sbt.plugins.IvyPlugin))), Clause(Atom(sbt.plugins.IvyPlugin),Set(Atom(sbt.plugins.JvmPlugin))), Clause(Atom(sbt.plugins.JvmPlugin),Set(Atom(sbt.plugins.SemanticdbPlugin))), Clause(Atom(sbt.plugins.JvmPlugin),Set(Atom(sbt.plugins.JUnitXmlReportPlugin))), Clause(Atom(sbt.plugins.CorePlugin),Set(Atom(sbt.plugins.Giter8TemplatePlugin))), Clause(Atom(sbt.plugins.JvmPlugin),Set(Atom(sbt.plugins.MiniDependencyTreePlugin))), Clause(Atom(sbt.plugins.JvmPlugin),Set(Atom(org.jetbrains.sbt.StructurePlugin))), Clause(Atom(sbt.plugins.JvmPlugin),Set(Atom(org.jetbrains.sbt.IdeaShellPlugin))), Clause(And(Set(Atom(sbt.plugins.CorePlugin), Atom(sbt.plugins.JvmPlugin))),Set(Atom(org.jetbrains.sbt.indices.SbtIntellijIndicesPlugin)))))
[debug]   :: deduced result: Matched(sbt.plugins.CorePlugin,sbt.plugins.Giter8TemplatePlugin,sbt.plugins.IvyPlugin,sbt.plugins.JvmPlugin,sbt.plugins.SemanticdbPlugin,org.jetbrains.sbt.indices.SbtIntellijIndicesPlugin,sbt.plugins.JUnitXmlReportPlugin,org.jetbrains.sbt.IdeaShellPlugin,org.jetbrains.sbt.StructurePlugin,sbt.plugins.MiniDependencyTreePlugin)
[debug] Plugins.deducer#function took 7.3446 ms
[info] loading settings for project codea2 from build.sbt ...
[debug]         Load.resolveProject(codea2) took 75.7334ms
[debug]       Load.loadTransitive: finalizeProject(Project(id codea2, base: C:\Filer\OneDrive - Danmarks Tekniske Universitet\DTU\02132_Computersystemer\Assignments\Assignment2\codeA2, plugins: List(<none>))) took 85.5059ms
[debug] [Loading] Done in C:\Filer\OneDrive - Danmarks Tekniske Universitet\DTU\02132_Computersystemer\Assignments\Assignment2\codeA2, returning: (codea2)
[debug]     Load.loadUnit: loadedProjectsRaw took 3164.3591ms
[debug]     Load.loadUnit: cleanEvalClasses took 81.4753ms
[debug]   Load.loadUnit(file:/C:/Filer/OneDrive%20-%20Danmarks%20Tekniske%20Universitet/DTU/02132_Computersystemer/Assignments/Assignment2/codeA2/, ...) took 10350.7419ms
[debug] Load.apply: load took 10368.8001ms
[debug] Load.apply: resolveProjects took 0.2357ms
[debug] Load.apply: finalTransforms took 114.5887ms
[debug] Load.apply: config.delegates took 0.673ms
[debug] Load.apply: Def.make(settings)... took 235.1499ms
[debug] Load.apply: structureIndex took 52.7486ms
[debug] Load.apply: mkStreams took 0.0029ms
[info] set current project to codea2 (in build file:/C:/Filer/OneDrive%20-%20Danmarks%20Tekniske%20Universitet/DTU/02132_Computersystemer/Assignments/Assignment2/codeA2/)
[debug] > Exec(sbtPopOnFailure, None, None)
[debug] > Exec(resumeFromFailure, None, None)
[debug] > Exec(notifyUsersAboutShell, None, None)
[debug] > Exec(iflast shell, None, None)
[debug] > Exec(; set ideaPort in Global := 51156 ; idea-shell, None, None)
[debug] > Exec(set ideaPort in Global := 51156, None, None)
[info] Defining Global / ideaPort
[info] The new value will be used by Compile / compile, Test / compile
[debug] Defining 
[debug] 	Global / ideaPort
[debug] 
[debug] The new value will be used by 
[debug] 	Compile / compile
[debug] 	Test / compile
[info] Reapplying settings...
[info] set current project to codea2 (in build file:/C:/Filer/OneDrive%20-%20Danmarks%20Tekniske%20Universitet/DTU/02132_Computersystemer/Assignments/Assignment2/codeA2/)
[debug] > Exec(idea-shell, None, None)
