[debug] > Exec(early(addDefaultCommands), None, None)
[debug] > Exec(addDefaultCommands, None, None)
[debug] > Exec(early(initialize), None, None)
[debug] > Exec(initialize, None, None)
[debug] > Exec(early(addPluginSbtFile="""C:\Users\mks\AppData\Local\Temp\idea.sbt"""), None, None)
[debug] > Exec(addPluginSbtFile="""C:\Users\mks\AppData\Local\Temp\idea.sbt""", None, None)
[debug] > Exec(boot, None, None)
[debug] > Exec(writeSbtVersion, None, None)
[debug] > Exec(reload, None, None)
[debug] > Exec(sbtStashOnFailure, None, None)
[debug] > Exec(onFailure loadFailed, None, None)
[debug] > Exec(loadp, None, None)
[info] welcome to sbt 1.4.3 (AdoptOpenJDK Java 1.8.0_265)
[debug]       Load.loadUnit: plugins took 331.412ms
[debug]       Load.loadUnit: defsScala took 0.6258ms
[debug] [Loading] Scanning directory C:\Users\mks\.sbt\1.0\plugins
[debug] [Loading] Found non-root projects 
[debug] [Loading] Done in C:\Users\mks\.sbt\1.0\plugins, returning: ()
[debug] deducing auto plugins based on known facts Set(Atom(sbt.plugins.CorePlugin)) and clauses Clauses(List(Clause(Atom(sbt.plugins.JvmPlugin),Set(Atom(sbt.plugins.IvyPlugin))), Clause(Atom(sbt.ScriptedPlugin),Set(Atom(sbt.plugins.JvmPlugin))), Clause(Atom(sbt.plugins.SbtPlugin),Set(Atom(sbt.ScriptedPlugin))), Clause(Atom(sbt.plugins.SemanticdbPlugin),Set(Atom(sbt.plugins.JvmPlugin))), Clause(Atom(sbt.plugins.JUnitXmlReportPlugin),Set(Atom(sbt.plugins.JvmPlugin))), Clause(Atom(sbt.plugins.MiniDependencyTreePlugin),Set(Atom(sbt.plugins.JvmPlugin))), Clause(Atom(sbt.plugins.CorePlugin),Set(Atom(sbt.plugins.IvyPlugin))), Clause(Atom(sbt.plugins.IvyPlugin),Set(Atom(sbt.plugins.JvmPlugin))), Clause(Atom(sbt.plugins.JvmPlugin),Set(Atom(sbt.plugins.SemanticdbPlugin))), Clause(Atom(sbt.plugins.JvmPlugin),Set(Atom(sbt.plugins.JUnitXmlReportPlugin))), Clause(Atom(sbt.plugins.CorePlugin),Set(Atom(sbt.plugins.Giter8TemplatePlugin))), Clause(Atom(sbt.plugins.JvmPlugin),Set(Atom(sbt.plugins.MiniDependencyTreePlugin)))))
[debug]   :: deduced result: Matched(sbt.plugins.CorePlugin,sbt.plugins.Giter8TemplatePlugin,sbt.plugins.IvyPlugin,sbt.plugins.JvmPlugin,sbt.plugins.MiniDependencyTreePlugin,sbt.plugins.JUnitXmlReportPlugin,sbt.plugins.SemanticdbPlugin)
[debug] Plugins.deducer#function took 102.382 ms
[debug]           Load.resolveProject(global-plugins) took 165.9807ms
[debug]         Load.loadTransitive: finalizeProject(Project(id global-plugins, base: C:\Users\mks\.sbt\1.0\plugins, plugins: List(<none>))) took 347.7173ms
[debug] [Loading] Done in C:\Users\mks\.sbt\1.0\plugins, returning: (global-plugins)
[debug]       Load.loadUnit: loadedProjectsRaw took 407.0317ms
[debug]       Load.loadUnit: cleanEvalClasses took 0.5321ms
[debug]     Load.loadUnit(file:/C:/Users/mks/.sbt/1.0/plugins/, ...) took 759.5623ms
[debug]   Load.apply: load took 1330.4735ms
[debug]   Load.apply: resolveProjects took 15.8626ms
[debug]   Load.apply: finalTransforms took 160.6615ms
[debug]   Load.apply: config.delegates took 21.5392ms
[debug]   Load.apply: Def.make(settings)... took 2292.3052ms
[debug]   Load.apply: structureIndex took 241.4815ms
[debug]   Load.apply: mkStreams took 3.0274ms
[info] loading global plugins from C:\Users\mks\.sbt\1.0\plugins
[debug] Running task... Cancel: Signal, check cycles: false, forcegc: true
[debug] Load.defaultLoad until apply took 8449.8134ms
[debug]           Load.loadUnit: plugins took 65.7834ms
[debug]           Load.loadUnit: defsScala took 0.0068ms
[debug] [Loading] Scanning directory C:\Filer\OneDrive - Danmarks Tekniske Universitet\DTU\02132_Computersystemer\Assignments\Assignment2\codeA2\project
[debug]             Load.loadUnit: mkEval took 16.6774ms
[debug] [Loading] Found non-root projects 
[debug] [Loading] Done in C:\Filer\OneDrive - Danmarks Tekniske Universitet\DTU\02132_Computersystemer\Assignments\Assignment2\codeA2\project, returning: ()
[debug] deducing auto plugins based on known facts Set(Atom(sbt.plugins.CorePlugin)) and clauses Clauses(List(Clause(Atom(sbt.plugins.JvmPlugin),Set(Atom(sbt.plugins.IvyPlugin))), Clause(Atom(sbt.ScriptedPlugin),Set(Atom(sbt.plugins.JvmPlugin))), Clause(Atom(sbt.plugins.SbtPlugin),Set(Atom(sbt.ScriptedPlugin))), Clause(Atom(sbt.plugins.SemanticdbPlugin),Set(Atom(sbt.plugins.JvmPlugin))), Clause(Atom(sbt.plugins.JUnitXmlReportPlugin),Set(Atom(sbt.plugins.JvmPlugin))), Clause(Atom(sbt.plugins.MiniDependencyTreePlugin),Set(Atom(sbt.plugins.JvmPlugin))), Clause(Atom(sbt.plugins.CorePlugin),Set(Atom(sbt.plugins.IvyPlugin))), Clause(Atom(sbt.plugins.IvyPlugin),Set(Atom(sbt.plugins.JvmPlugin))), Clause(Atom(sbt.plugins.JvmPlugin),Set(Atom(sbt.plugins.SemanticdbPlugin))), Clause(Atom(sbt.plugins.JvmPlugin),Set(Atom(sbt.plugins.JUnitXmlReportPlugin))), Clause(Atom(sbt.plugins.CorePlugin),Set(Atom(sbt.plugins.Giter8TemplatePlugin))), Clause(Atom(sbt.plugins.JvmPlugin),Set(Atom(sbt.plugins.MiniDependencyTreePlugin)))))
[debug]   :: deduced result: Matched(sbt.plugins.CorePlugin,sbt.plugins.Giter8TemplatePlugin,sbt.plugins.IvyPlugin,sbt.plugins.JvmPlugin,sbt.plugins.MiniDependencyTreePlugin,sbt.plugins.JUnitXmlReportPlugin,sbt.plugins.SemanticdbPlugin)
[debug] Plugins.deducer#function took 4.8016 ms
[info] loading settings for project codea2-build from idea.sbt ...
[debug]               Load.resolveProject(codea2-build) took 6.5264ms
[debug]             Load.loadTransitive: finalizeProject(Project(id codea2-build, base: C:\Filer\OneDrive - Danmarks Tekniske Universitet\DTU\02132_Computersystemer\Assignments\Assignment2\codeA2\project, plugins: List(<none>))) took 12.2412ms
[debug] [Loading] Done in C:\Filer\OneDrive - Danmarks Tekniske Universitet\DTU\02132_Computersystemer\Assignments\Assignment2\codeA2\project, returning: (codea2-build)
[debug]           Load.loadUnit: loadedProjectsRaw took 386.6446ms
[debug]           Load.loadUnit: cleanEvalClasses took 10.9841ms
[debug]         Load.loadUnit(file:/C:/Filer/OneDrive%20-%20Danmarks%20Tekniske%20Universitet/DTU/02132_Computersystemer/Assignments/Assignment2/codeA2/project/, ...) took 472.7437ms
[debug]       Load.apply: load took 477.2873ms
[debug]       Load.apply: resolveProjects took 0.252ms
[debug]       Load.apply: finalTransforms took 23.8311ms
[debug]       Load.apply: config.delegates took 0.5897ms
[debug]       Load.apply: Def.make(settings)... took 167.9262ms
[debug]       Load.apply: structureIndex took 54.1311ms
[debug]       Load.apply: mkStreams took 0.0043ms
[info] loading project definition from C:\Filer\OneDrive - Danmarks Tekniske Universitet\DTU\02132_Computersystemer\Assignments\Assignment2\codeA2\project
[debug] Running task... Cancel: Signal, check cycles: false, forcegc: true
[debug]     Load.loadUnit: plugins took 1409.321ms
[debug]     Load.loadUnit: defsScala took 0.0061ms
[debug] [Loading] Scanning directory C:\Filer\OneDrive - Danmarks Tekniske Universitet\DTU\02132_Computersystemer\Assignments\Assignment2\codeA2
[debug]       Load.loadUnit: mkEval took 0.7883ms
[debug] [Loading] Found non-root projects 
[debug] [Loading] Done in C:\Filer\OneDrive - Danmarks Tekniske Universitet\DTU\02132_Computersystemer\Assignments\Assignment2\codeA2, returning: ()
[debug] deducing auto plugins based on known facts Set(Atom(sbt.plugins.CorePlugin)) and clauses Clauses(List(Clause(Atom(sbt.plugins.JvmPlugin),Set(Atom(sbt.plugins.IvyPlugin))), Clause(Atom(sbt.ScriptedPlugin),Set(Atom(sbt.plugins.JvmPlugin))), Clause(Atom(sbt.plugins.SbtPlugin),Set(Atom(sbt.ScriptedPlugin))), Clause(Atom(sbt.plugins.SemanticdbPlugin),Set(Atom(sbt.plugins.JvmPlugin))), Clause(Atom(sbt.plugins.JUnitXmlReportPlugin),Set(Atom(sbt.plugins.JvmPlugin))), Clause(Atom(sbt.plugins.MiniDependencyTreePlugin),Set(Atom(sbt.plugins.JvmPlugin))), Clause(Atom(org.jetbrains.sbt.StructurePlugin),Set(Atom(sbt.plugins.JvmPlugin))), Clause(Atom(org.jetbrains.sbt.IdeaShellPlugin),Set(Atom(sbt.plugins.JvmPlugin))), Clause(Atom(org.jetbrains.sbt.indices.SbtIntellijIndicesPlugin),Set(Atom(sbt.plugins.JvmPlugin))), Clause(Atom(sbt.plugins.CorePlugin),Set(Atom(sbt.plugins.IvyPlugin))), Clause(Atom(sbt.plugins.IvyPlugin),Set(Atom(sbt.plugins.JvmPlugin))), Clause(Atom(sbt.plugins.JvmPlugin),Set(Atom(sbt.plugins.SemanticdbPlugin))), Clause(Atom(sbt.plugins.JvmPlugin),Set(Atom(sbt.plugins.JUnitXmlReportPlugin))), Clause(Atom(sbt.plugins.CorePlugin),Set(Atom(sbt.plugins.Giter8TemplatePlugin))), Clause(Atom(sbt.plugins.JvmPlugin),Set(Atom(sbt.plugins.MiniDependencyTreePlugin))), Clause(Atom(sbt.plugins.JvmPlugin),Set(Atom(org.jetbrains.sbt.StructurePlugin))), Clause(Atom(sbt.plugins.JvmPlugin),Set(Atom(org.jetbrains.sbt.IdeaShellPlugin))), Clause(And(Set(Atom(sbt.plugins.CorePlugin), Atom(sbt.plugins.JvmPlugin))),Set(Atom(org.jetbrains.sbt.indices.SbtIntellijIndicesPlugin)))))
[debug]   :: deduced result: Matched(sbt.plugins.CorePlugin,sbt.plugins.Giter8TemplatePlugin,sbt.plugins.IvyPlugin,sbt.plugins.JvmPlugin,sbt.plugins.SemanticdbPlugin,org.jetbrains.sbt.indices.SbtIntellijIndicesPlugin,sbt.plugins.JUnitXmlReportPlugin,org.jetbrains.sbt.IdeaShellPlugin,org.jetbrains.sbt.StructurePlugin,sbt.plugins.MiniDependencyTreePlugin)
[debug] Plugins.deducer#function took 14.5482 ms
[info] loading settings for project codea2 from build.sbt ...
[debug]         Load.resolveProject(codea2) took 80.4379ms
[debug]       Load.loadTransitive: finalizeProject(Project(id codea2, base: C:\Filer\OneDrive - Danmarks Tekniske Universitet\DTU\02132_Computersystemer\Assignments\Assignment2\codeA2, plugins: List(<none>))) took 98.327ms
[debug] [Loading] Done in C:\Filer\OneDrive - Danmarks Tekniske Universitet\DTU\02132_Computersystemer\Assignments\Assignment2\codeA2, returning: (codea2)
[debug]     Load.loadUnit: loadedProjectsRaw took 230.7808ms
[debug]     Load.loadUnit: cleanEvalClasses took 12.457ms
[debug]   Load.loadUnit(file:/C:/Filer/OneDrive%20-%20Danmarks%20Tekniske%20Universitet/DTU/02132_Computersystemer/Assignments/Assignment2/codeA2/, ...) took 1653.6636ms
[debug] Load.apply: load took 1662.6819ms
[debug] Load.apply: resolveProjects took 0.2158ms
[debug] Load.apply: finalTransforms took 57.3752ms
[debug] Load.apply: config.delegates took 0.741ms
[debug] Load.apply: Def.make(settings)... took 149.1082ms
[debug] Load.apply: structureIndex took 45.8701ms
[debug] Load.apply: mkStreams took 0.0041ms
[info] set current project to codea2 (in build file:/C:/Filer/OneDrive%20-%20Danmarks%20Tekniske%20Universitet/DTU/02132_Computersystemer/Assignments/Assignment2/codeA2/)
[debug] > Exec(sbtPopOnFailure, None, None)
[debug] > Exec(resumeFromFailure, None, None)
[debug] > Exec(notifyUsersAboutShell, None, None)
[debug] > Exec(iflast shell, None, None)
[debug] > Exec(; set ideaPort in Global := 65420 ; idea-shell, None, None)
[debug] > Exec(set ideaPort in Global := 65420, None, None)
[info] Defining Global / ideaPort
[info] The new value will be used by Compile / compile, Test / compile
[debug] Defining 
[debug] 	Global / ideaPort
[debug] 
[debug] The new value will be used by 
[debug] 	Compile / compile
[debug] 	Test / compile
[info] Reapplying settings...
[info] set current project to codea2 (in build file:/C:/Filer/OneDrive%20-%20Danmarks%20Tekniske%20Universitet/DTU/02132_Computersystemer/Assignments/Assignment2/codeA2/)
[debug] > Exec(idea-shell, None, None)
